<?xml version="1.0" encoding="UTF-8"?>
<!-- Generated by org.testng.reporters.JUnitReportReporter -->
<testsuite skipped="0" hostname="DESKTOP-JINVOCL" name="testcases.GET_Or_Read_All_Products" tests="1" failures="0" timestamp="2021-06-20T10:17:37 CDT" time="0.008" errors="0">
  <testcase name="read_All_Products" time="0.008" classname="testcases.GET_Or_Read_All_Products"/>
  <system-out/>
</testsuite> <!-- testcases.GET_Or_Read_All_Products -->
